<?xml version="1.0" encoding="UTF-8"?>
<!-- Generated by org.testng.reporters.JUnitXMLReporter -->
<testsuite ignored="2" hostname="VDI10a-1739" failures="0" tests="2" name="DeliveryOrderTest" time="188.666" errors="0" timestamp="2025-02-25T14:10:46 IST">
  <testcase classname="TestCases.DeliveryTestCase" name="DeliveryUberEats" time="97.7"/>
  <testcase classname="TestCases.RandATestCase" name="rAndAValidationTestCase" time="76.77"/>
  <testcase classname="TestCases.BaseTest" name="@AfterSuite tearDown" time="0.0">
    <ignored/>
  </testcase> <!-- @AfterSuite tearDown -->
  <testcase classname="TestCases.BaseTest" name="@BeforeSuite startReport" time="0.0">
    <ignored/>
  </testcase> <!-- @BeforeSuite startReport -->
</testsuite> <!-- DeliveryOrderTest -->
