<?xml version="1.0" encoding="UTF-8"?>
<!-- Generated by org.testng.reporters.JUnitXMLReporter -->
<testsuite ignored="2" hostname="VDI10a-1739" failures="0" tests="2" name="DeliveryOrderTest" time="188.938" errors="0" timestamp="2025-03-27T15:08:48 IST">
  <testcase classname="TestCases.DeliveryTestCase" name="DeliveryUberEats" time="96.775"/>
  <testcase classname="TestCases.RandATestCase" name="rAndAValidationTestCase" time="79.366"/>
  <testcase classname="TestCases.BaseTest" name="@AfterSuite tearDown" time="0.0">
    <ignored/>
  </testcase> <!-- @AfterSuite tearDown -->
  <testcase classname="TestCases.BaseTest" name="@BeforeSuite startReport" time="0.0">
    <ignored/>
  </testcase> <!-- @BeforeSuite startReport -->
</testsuite> <!-- DeliveryOrderTest -->
