<?xml version="1.0" encoding="UTF-8"?>
<testng-results ignored="0" total="1" passed="1" failed="0" skipped="0">
  <reporter-output>
  </reporter-output>
  <suite started-at="2025-02-26T10:56:58 IST" name="Surefire suite" finished-at="2025-02-26T10:58:51 IST" duration-ms="112867">
    <groups>
    </groups>
    <test started-at="2025-02-26T10:56:58 IST" name="Surefire test" finished-at="2025-02-26T10:58:51 IST" duration-ms="112867">
      <class name="TestCases.DeliveryTestCase">
        <test-method is-config="true" signature="startReport()[pri:0, instance:TestCases.DeliveryTestCase@9225652]" started-at="2025-02-26T10:56:57 IST" name="startReport" finished-at="2025-02-26T10:56:58 IST" duration-ms="1381" status="PASS">
          <reporter-output>
          </reporter-output>
        </test-method> <!-- startReport -->
        <test-method is-config="true" signature="setup(java.lang.reflect.Method)[pri:0, instance:TestCases.DeliveryTestCase@9225652]" started-at="2025-02-26T10:56:58 IST" name="setup" finished-at="2025-02-26T10:57:07 IST" duration-ms="8793" status="PASS">
          <params>
            <param index="0">
              <value>
                <![CDATA[public void TestCases.DeliveryTestCase.DeliveryUberEats() throws java.io.IOException,java.lang.InterruptedException]]>
              </value>
            </param>
          </params>
          <reporter-output>
          </reporter-output>
        </test-method> <!-- setup -->
        <test-method signature="DeliveryUberEats()[pri:0, instance:TestCases.DeliveryTestCase@9225652]" started-at="2025-02-26T10:57:07 IST" name="DeliveryUberEats" finished-at="2025-02-26T10:58:48 IST" duration-ms="101288" status="PASS">
          <reporter-output>
          </reporter-output>
        </test-method> <!-- DeliveryUberEats -->
        <test-method is-config="true" signature="getResult(org.testng.ITestResult)[pri:0, instance:TestCases.DeliveryTestCase@9225652]" started-at="2025-02-26T10:58:48 IST" name="getResult" finished-at="2025-02-26T10:58:51 IST" duration-ms="2745" status="PASS">
          <params>
            <param index="0">
              <value>
                <![CDATA[[TestResult name=DeliveryUberEats status=SUCCESS method=DeliveryTestCase.DeliveryUberEats()[pri:0, instance:TestCases.DeliveryTestCase@9225652] output={null}]]]>
              </value>
            </param>
          </params>
          <reporter-output>
          </reporter-output>
        </test-method> <!-- getResult -->
        <test-method is-config="true" signature="tearDown()[pri:0, instance:TestCases.DeliveryTestCase@9225652]" started-at="2025-02-26T10:58:51 IST" name="tearDown" finished-at="2025-02-26T10:58:52 IST" duration-ms="467" status="PASS">
          <reporter-output>
          </reporter-output>
        </test-method> <!-- tearDown -->
      </class> <!-- TestCases.DeliveryTestCase -->
    </test> <!-- Surefire test -->
  </suite> <!-- Surefire suite -->
</testng-results>
