<?xml version="1.0" encoding="UTF-8"?>
<testng-results ignored="0" total="1" passed="1" failed="0" skipped="0">
  <reporter-output>
  </reporter-output>
  <suite started-at="2025-04-29T18:54:14 IST" name="Default suite" finished-at="2025-04-29T18:58:28 IST" duration-ms="253764">
    <groups>
    </groups>
    <test started-at="2025-04-29T18:54:14 IST" name="Default test" finished-at="2025-04-29T18:58:28 IST" duration-ms="253764">
      <class name="TestCases.Transactions.Delivery_Transactions_1">
        <test-method is-config="true" signature="startReport()[pri:0, instance:TestCases.Transactions.Delivery_Transactions_1@496bc455]" started-at="2025-04-29T18:54:13 IST" name="startReport" finished-at="2025-04-29T18:54:14 IST" duration-ms="1000" status="PASS">
          <reporter-output>
          </reporter-output>
        </test-method> <!-- startReport -->
        <test-method is-config="true" signature="setup(java.lang.reflect.Method)[pri:0, instance:TestCases.Transactions.Delivery_Transactions_1@496bc455]" started-at="2025-04-29T18:54:14 IST" name="setup" finished-at="2025-04-29T18:54:25 IST" duration-ms="11644" status="PASS">
          <params>
            <param index="0">
              <value>
                <![CDATA[public void TestCases.Transactions.Delivery_Transactions_1.DeliveryUberEats() throws java.io.IOException,java.lang.InterruptedException]]>
              </value>
            </param>
          </params>
          <reporter-output>
          </reporter-output>
        </test-method> <!-- setup -->
        <test-method signature="DeliveryUberEats()[pri:0, instance:TestCases.Transactions.Delivery_Transactions_1@496bc455]" started-at="2025-04-29T18:54:25 IST" name="DeliveryUberEats" finished-at="2025-04-29T18:58:27 IST" duration-ms="241473" status="PASS">
          <reporter-output>
          </reporter-output>
        </test-method> <!-- DeliveryUberEats -->
        <test-method is-config="true" signature="getResult(org.testng.ITestResult)[pri:0, instance:TestCases.Transactions.Delivery_Transactions_1@496bc455]" started-at="2025-04-29T18:58:27 IST" name="getResult" finished-at="2025-04-29T18:58:28 IST" duration-ms="607" status="PASS">
          <params>
            <param index="0">
              <value>
                <![CDATA[[TestResult name=DeliveryUberEats status=SUCCESS method=Delivery_Transactions_1.DeliveryUberEats()[pri:0, instance:TestCases.Transactions.Delivery_Transactions_1@496bc455] output={null}]]]>
              </value>
            </param>
          </params>
          <reporter-output>
          </reporter-output>
        </test-method> <!-- getResult -->
        <test-method is-config="true" signature="tearDown()[pri:0, instance:TestCases.Transactions.Delivery_Transactions_1@496bc455]" started-at="2025-04-29T18:58:28 IST" name="tearDown" finished-at="2025-04-29T18:58:28 IST" duration-ms="350" status="PASS">
          <reporter-output>
          </reporter-output>
        </test-method> <!-- tearDown -->
      </class> <!-- TestCases.Transactions.Delivery_Transactions_1 -->
    </test> <!-- Default test -->
  </suite> <!-- Default suite -->
</testng-results>
